Testsuite: org.simpleframework.xml.core.DefaultWithParametersInGetterTest
Tests run: 4, Failures: 0, Errors: 0, Time elapsed: 0.187 sec
------------- Standard Output ---------------
<defaultTestClass>
   <foo>100</foo>
   <flag>false</flag>
</defaultTestClass><defaultTestClass>
   <foo>100</foo>
   <flag>false</flag>
</defaultTestClass><defaultTestClass>
   <foo>100</foo>
   <flag>false</flag>
</defaultTestClass>
<default-test-class ID="0">
   <!-- java.lang.Integer -->
   <foo ID="1">100</foo>
   <!-- java.lang.Boolean -->
   <flag ID="2">false</flag>
</default-test-class>>>>>> ELEMENT=[element default-test-class]
>>>>> TYPE=[class org.simpleframework.xml.core.DefaultWithParametersInGetterTest$DefaultTestClass]
>>>>> SOURCE=[class com.sun.xml.internal.stream.events.StartElementEvent]
<DefaultTestClass ID="0">
   <!-- java.lang.Integer -->
   <Foo ID="1">100</Foo>
   <!-- java.lang.Boolean -->
   <Flag ID="2">false</Flag>
</DefaultTestClass>>>>>> ELEMENT=[element DefaultTestClass]
>>>>> TYPE=[class org.simpleframework.xml.core.DefaultWithParametersInGetterTest$DefaultTestClass]
>>>>> SOURCE=[class com.sun.xml.internal.stream.events.StartElementEvent]
------------- ---------------- ---------------
------------- Standard Error -----------------
org.simpleframework.xml.core.MethodException: Get method public java.lang.String org.simpleframework.xml.core.DefaultWithParametersInGetterTest$DefaultTestClassWithInvalidTransient.getWithParams(int) is not a valid property
	at org.simpleframework.xml.core.MethodPartFactory.getRead(MethodPartFactory.java:289)
	at org.simpleframework.xml.core.MethodPartFactory.getName(MethodPartFactory.java:140)
	at org.simpleframework.xml.core.MethodPartFactory.getInstance(MethodPartFactory.java:112)
	at org.simpleframework.xml.core.MethodScanner.remove(MethodScanner.java:359)
	at org.simpleframework.xml.core.MethodScanner.scan(MethodScanner.java:273)
	at org.simpleframework.xml.core.MethodScanner.scan(MethodScanner.java:201)
	at org.simpleframework.xml.core.MethodScanner.scan(MethodScanner.java:182)
	at org.simpleframework.xml.core.MethodScanner.scan(MethodScanner.java:161)
	at org.simpleframework.xml.core.MethodScanner.<init>(MethodScanner.java:143)
	at org.simpleframework.xml.core.Scanner.method(Scanner.java:524)
	at org.simpleframework.xml.core.Scanner.scan(Scanner.java:396)
	at org.simpleframework.xml.core.Scanner.<init>(Scanner.java:104)
	at org.simpleframework.xml.core.ScannerFactory.getInstance(ScannerFactory.java:77)
	at org.simpleframework.xml.core.Support.getScanner(Support.java:203)
	at org.simpleframework.xml.core.Support.getName(Support.java:265)
	at org.simpleframework.xml.core.Source.getName(Source.java:240)
	at org.simpleframework.xml.core.Traverser.getName(Traverser.java:284)
	at org.simpleframework.xml.core.Traverser.write(Traverser.java:203)
	at org.simpleframework.xml.core.Traverser.write(Traverser.java:186)
	at org.simpleframework.xml.core.Persister.write(Persister.java:1180)
	at org.simpleframework.xml.core.Persister.write(Persister.java:1162)
	at org.simpleframework.xml.core.Persister.write(Persister.java:1140)
	at org.simpleframework.xml.core.Persister.write(Persister.java:1259)
	at org.simpleframework.xml.core.Persister.write(Persister.java:1241)
	at org.simpleframework.xml.core.Persister.write(Persister.java:1222)
	at org.simpleframework.xml.core.DefaultWithParametersInGetterTest.testDefaultWithTransientErrors(DefaultWithParametersInGetterTest.java:79)
	at sun.reflect.NativeMethodAccessorImpl.invoke0(Native Method)
	at sun.reflect.NativeMethodAccessorImpl.invoke(NativeMethodAccessorImpl.java:39)
	at sun.reflect.DelegatingMethodAccessorImpl.invoke(DelegatingMethodAccessorImpl.java:25)
	at java.lang.reflect.Method.invoke(Method.java:597)
	at junit.framework.TestCase.runTest(TestCase.java:154)
	at junit.framework.TestCase.runBare(TestCase.java:127)
	at junit.framework.TestResult$1.protect(TestResult.java:106)
	at junit.framework.TestResult.runProtected(TestResult.java:124)
	at junit.framework.TestResult.run(TestResult.java:109)
	at junit.framework.TestCase.run(TestCase.java:118)
	at junit.framework.TestSuite.runTest(TestSuite.java:208)
	at junit.framework.TestSuite.run(TestSuite.java:203)
	at org.apache.tools.ant.taskdefs.optional.junit.JUnitTestRunner.run(JUnitTestRunner.java:420)
	at org.apache.tools.ant.taskdefs.optional.junit.JUnitTestRunner.launch(JUnitTestRunner.java:911)
	at org.apache.tools.ant.taskdefs.optional.junit.JUnitTestRunner.main(JUnitTestRunner.java:768)
org.simpleframework.xml.core.MethodException: Get method public java.lang.String org.simpleframework.xml.core.DefaultWithParametersInGetterTest$DefaultTestClassWithInvalidElement.getName(int) is not a valid property
	at org.simpleframework.xml.core.MethodPartFactory.getRead(MethodPartFactory.java:289)
	at org.simpleframework.xml.core.MethodPartFactory.getName(MethodPartFactory.java:140)
	at org.simpleframework.xml.core.MethodPartFactory.getInstance(MethodPartFactory.java:112)
	at org.simpleframework.xml.core.MethodScanner.process(MethodScanner.java:290)
	at org.simpleframework.xml.core.MethodScanner.scan(MethodScanner.java:264)
	at org.simpleframework.xml.core.MethodScanner.scan(MethodScanner.java:201)
	at org.simpleframework.xml.core.MethodScanner.scan(MethodScanner.java:182)
	at org.simpleframework.xml.core.MethodScanner.scan(MethodScanner.java:161)
	at org.simpleframework.xml.core.MethodScanner.<init>(MethodScanner.java:143)
	at org.simpleframework.xml.core.Scanner.method(Scanner.java:524)
	at org.simpleframework.xml.core.Scanner.scan(Scanner.java:396)
	at org.simpleframework.xml.core.Scanner.<init>(Scanner.java:104)
	at org.simpleframework.xml.core.ScannerFactory.getInstance(ScannerFactory.java:77)
	at org.simpleframework.xml.core.Support.getScanner(Support.java:203)
	at org.simpleframework.xml.core.Support.getName(Support.java:265)
	at org.simpleframework.xml.core.Source.getName(Source.java:240)
	at org.simpleframework.xml.core.Traverser.getName(Traverser.java:284)
	at org.simpleframework.xml.core.Traverser.write(Traverser.java:203)
	at org.simpleframework.xml.core.Traverser.write(Traverser.java:186)
	at org.simpleframework.xml.core.Persister.write(Persister.java:1180)
	at org.simpleframework.xml.core.Persister.write(Persister.java:1162)
	at org.simpleframework.xml.core.Persister.write(Persister.java:1140)
	at org.simpleframework.xml.core.Persister.write(Persister.java:1259)
	at org.simpleframework.xml.core.Persister.write(Persister.java:1241)
	at org.simpleframework.xml.core.Persister.write(Persister.java:1222)
	at org.simpleframework.xml.core.DefaultWithParametersInGetterTest.testDefaultWithElementErrors(DefaultWithParametersInGetterTest.java:94)
	at sun.reflect.NativeMethodAccessorImpl.invoke0(Native Method)
	at sun.reflect.NativeMethodAccessorImpl.invoke(NativeMethodAccessorImpl.java:39)
	at sun.reflect.DelegatingMethodAccessorImpl.invoke(DelegatingMethodAccessorImpl.java:25)
	at java.lang.reflect.Method.invoke(Method.java:597)
	at junit.framework.TestCase.runTest(TestCase.java:154)
	at junit.framework.TestCase.runBare(TestCase.java:127)
	at junit.framework.TestResult$1.protect(TestResult.java:106)
	at junit.framework.TestResult.runProtected(TestResult.java:124)
	at junit.framework.TestResult.run(TestResult.java:109)
	at junit.framework.TestCase.run(TestCase.java:118)
	at junit.framework.TestSuite.runTest(TestSuite.java:208)
	at junit.framework.TestSuite.run(TestSuite.java:203)
	at org.apache.tools.ant.taskdefs.optional.junit.JUnitTestRunner.run(JUnitTestRunner.java:420)
	at org.apache.tools.ant.taskdefs.optional.junit.JUnitTestRunner.launch(JUnitTestRunner.java:911)
	at org.apache.tools.ant.taskdefs.optional.junit.JUnitTestRunner.main(JUnitTestRunner.java:768)
------------- ---------------- ---------------

Testcase: testDefaultWithParameters took 0.156 sec
Testcase: testDefaultWithTransientErrors took 0 sec
Testcase: testDefaultWithElementErrors took 0 sec
Testcase: testDirectory took 0 sec
