Testsuite: org.simpleframework.xml.core.RedundantOrderTest
Tests run: 3, Failures: 0, Errors: 0, Time elapsed: 0.109 sec
------------- Standard Error -----------------
org.simpleframework.xml.core.ElementException: Ordered element 'c' missing for class org.simpleframework.xml.core.RedundantOrderTest$ElementEntry
	at org.simpleframework.xml.core.StructureBuilder.validateElements(StructureBuilder.java:608)
	at org.simpleframework.xml.core.StructureBuilder.validate(StructureBuilder.java:527)
	at org.simpleframework.xml.core.Scanner.validate(Scanner.java:439)
	at org.simpleframework.xml.core.Scanner.scan(Scanner.java:397)
	at org.simpleframework.xml.core.Scanner.<init>(Scanner.java:104)
	at org.simpleframework.xml.core.ScannerFactory.getInstance(ScannerFactory.java:77)
	at org.simpleframework.xml.core.Support.getScanner(Support.java:203)
	at org.simpleframework.xml.core.Support.getName(Support.java:265)
	at org.simpleframework.xml.core.Source.getName(Source.java:240)
	at org.simpleframework.xml.core.Traverser.getName(Traverser.java:284)
	at org.simpleframework.xml.core.Traverser.write(Traverser.java:203)
	at org.simpleframework.xml.core.Traverser.write(Traverser.java:186)
	at org.simpleframework.xml.core.Persister.write(Persister.java:1180)
	at org.simpleframework.xml.core.Persister.write(Persister.java:1162)
	at org.simpleframework.xml.core.Persister.write(Persister.java:1140)
	at org.simpleframework.xml.core.Persister.write(Persister.java:1259)
	at org.simpleframework.xml.ValidationTestCase.validate(ValidationTestCase.java:78)
	at org.simpleframework.xml.core.RedundantOrderTest.testRedundantElementOrder(RedundantOrderTest.java:67)
	at sun.reflect.NativeMethodAccessorImpl.invoke0(Native Method)
	at sun.reflect.NativeMethodAccessorImpl.invoke(NativeMethodAccessorImpl.java:39)
	at sun.reflect.DelegatingMethodAccessorImpl.invoke(DelegatingMethodAccessorImpl.java:25)
	at java.lang.reflect.Method.invoke(Method.java:597)
	at junit.framework.TestCase.runTest(TestCase.java:154)
	at junit.framework.TestCase.runBare(TestCase.java:127)
	at junit.framework.TestResult$1.protect(TestResult.java:106)
	at junit.framework.TestResult.runProtected(TestResult.java:124)
	at junit.framework.TestResult.run(TestResult.java:109)
	at junit.framework.TestCase.run(TestCase.java:118)
	at junit.framework.TestSuite.runTest(TestSuite.java:208)
	at junit.framework.TestSuite.run(TestSuite.java:203)
	at org.apache.tools.ant.taskdefs.optional.junit.JUnitTestRunner.run(JUnitTestRunner.java:420)
	at org.apache.tools.ant.taskdefs.optional.junit.JUnitTestRunner.launch(JUnitTestRunner.java:911)
	at org.apache.tools.ant.taskdefs.optional.junit.JUnitTestRunner.main(JUnitTestRunner.java:768)
org.simpleframework.xml.core.AttributeException: Ordered attribute 'c' does not exist in class org.simpleframework.xml.core.RedundantOrderTest$AttributeEntry
	at org.simpleframework.xml.core.TreeModel.validateAttributes(TreeModel.java:469)
	at org.simpleframework.xml.core.TreeModel.validate(TreeModel.java:349)
	at org.simpleframework.xml.core.StructureBuilder.validateModel(StructureBuilder.java:543)
	at org.simpleframework.xml.core.StructureBuilder.validate(StructureBuilder.java:529)
	at org.simpleframework.xml.core.Scanner.validate(Scanner.java:439)
	at org.simpleframework.xml.core.Scanner.scan(Scanner.java:397)
	at org.simpleframework.xml.core.Scanner.<init>(Scanner.java:104)
	at org.simpleframework.xml.core.ScannerFactory.getInstance(ScannerFactory.java:77)
	at org.simpleframework.xml.core.Support.getScanner(Support.java:203)
	at org.simpleframework.xml.core.Support.getName(Support.java:265)
	at org.simpleframework.xml.core.Source.getName(Source.java:240)
	at org.simpleframework.xml.core.Traverser.getName(Traverser.java:284)
	at org.simpleframework.xml.core.Traverser.write(Traverser.java:203)
	at org.simpleframework.xml.core.Traverser.write(Traverser.java:186)
	at org.simpleframework.xml.core.Persister.write(Persister.java:1180)
	at org.simpleframework.xml.core.Persister.write(Persister.java:1162)
	at org.simpleframework.xml.core.Persister.write(Persister.java:1140)
	at org.simpleframework.xml.core.Persister.write(Persister.java:1259)
	at org.simpleframework.xml.ValidationTestCase.validate(ValidationTestCase.java:78)
	at org.simpleframework.xml.core.RedundantOrderTest.testRedundantAttributeOrder(RedundantOrderTest.java:81)
	at sun.reflect.NativeMethodAccessorImpl.invoke0(Native Method)
	at sun.reflect.NativeMethodAccessorImpl.invoke(NativeMethodAccessorImpl.java:39)
	at sun.reflect.DelegatingMethodAccessorImpl.invoke(DelegatingMethodAccessorImpl.java:25)
	at java.lang.reflect.Method.invoke(Method.java:597)
	at junit.framework.TestCase.runTest(TestCase.java:154)
	at junit.framework.TestCase.runBare(TestCase.java:127)
	at junit.framework.TestResult$1.protect(TestResult.java:106)
	at junit.framework.TestResult.runProtected(TestResult.java:124)
	at junit.framework.TestResult.run(TestResult.java:109)
	at junit.framework.TestCase.run(TestCase.java:118)
	at junit.framework.TestSuite.runTest(TestSuite.java:208)
	at junit.framework.TestSuite.run(TestSuite.java:203)
	at org.apache.tools.ant.taskdefs.optional.junit.JUnitTestRunner.run(JUnitTestRunner.java:420)
	at org.apache.tools.ant.taskdefs.optional.junit.JUnitTestRunner.launch(JUnitTestRunner.java:911)
	at org.apache.tools.ant.taskdefs.optional.junit.JUnitTestRunner.main(JUnitTestRunner.java:768)
------------- ---------------- ---------------

Testcase: testRedundantElementOrder took 0.094 sec
Testcase: testRedundantAttributeOrder took 0.015 sec
Testcase: testDirectory took 0 sec
