Testsuite: org.simpleframework.xml.core.DefaultWithParametersInGetterTest
Tests run: 4, Failures: 0, Errors: 0, Time elapsed: 0.188 sec
------------- Standard Output ---------------
<defaultTestClass>
   <foo>100</foo>
   <flag>false</flag>
</defaultTestClass><defaultTestClass>
   <foo>100</foo>
   <flag>false</flag>
</defaultTestClass><defaultTestClass>
   <foo>100</foo>
   <flag>false</flag>
</defaultTestClass>
<default-test-class ID="0">
   <foo>100</foo>
   <flag>false</flag>
</default-test-class>>>>>> ELEMENT=[element default-test-class]
>>>>> TYPE=[class org.simpleframework.xml.core.DefaultWithParametersInGetterTest$DefaultTestClass]
>>>>> SOURCE=[class com.sun.org.apache.xerces.internal.dom.DeferredElementNSImpl]
<DefaultTestClass ID="0">
   <Foo>100</Foo>
   <Flag>false</Flag>
</DefaultTestClass>>>>>> ELEMENT=[element DefaultTestClass]
>>>>> TYPE=[class org.simpleframework.xml.core.DefaultWithParametersInGetterTest$DefaultTestClass]
>>>>> SOURCE=[class com.sun.org.apache.xerces.internal.dom.DeferredElementNSImpl]
------------- ---------------- ---------------
------------- Standard Error -----------------
org.simpleframework.xml.core.MethodException: Get method public java.lang.String org.simpleframework.xml.core.DefaultWithParametersInGetterTest$DefaultTestClassWithInvalidTransient.getWithParams(int) is not a valid property
	at org.simpleframework.xml.core.MethodPartFactory.getRead(MethodPartFactory.java:275)
	at org.simpleframework.xml.core.MethodPartFactory.getName(MethodPartFactory.java:126)
	at org.simpleframework.xml.core.MethodPartFactory.getInstance(MethodPartFactory.java:98)
	at org.simpleframework.xml.core.MethodScanner.remove(MethodScanner.java:325)
	at org.simpleframework.xml.core.MethodScanner.scan(MethodScanner.java:236)
	at org.simpleframework.xml.core.MethodScanner.scan(MethodScanner.java:181)
	at org.simpleframework.xml.core.MethodScanner.scan(MethodScanner.java:162)
	at org.simpleframework.xml.core.MethodScanner.scan(MethodScanner.java:141)
	at org.simpleframework.xml.core.MethodScanner.<init>(MethodScanner.java:123)
	at org.simpleframework.xml.core.Scanner.method(Scanner.java:639)
	at org.simpleframework.xml.core.Scanner.scan(Scanner.java:391)
	at org.simpleframework.xml.core.Scanner.<init>(Scanner.java:115)
	at org.simpleframework.xml.core.ScannerFactory.getInstance(ScannerFactory.java:65)
	at org.simpleframework.xml.core.Support.getScanner(Support.java:170)
	at org.simpleframework.xml.core.Support.getName(Support.java:232)
	at org.simpleframework.xml.core.Source.getName(Source.java:271)
	at org.simpleframework.xml.core.Traverser.getName(Traverser.java:284)
	at org.simpleframework.xml.core.Traverser.write(Traverser.java:203)
	at org.simpleframework.xml.core.Traverser.write(Traverser.java:186)
	at org.simpleframework.xml.core.Persister.write(Persister.java:1099)
	at org.simpleframework.xml.core.Persister.write(Persister.java:1081)
	at org.simpleframework.xml.core.Persister.write(Persister.java:1062)
	at org.simpleframework.xml.core.Persister.write(Persister.java:1178)
	at org.simpleframework.xml.core.Persister.write(Persister.java:1160)
	at org.simpleframework.xml.core.Persister.write(Persister.java:1141)
	at org.simpleframework.xml.core.DefaultWithParametersInGetterTest.testDefaultWithTransientErrors(DefaultWithParametersInGetterTest.java:79)
	at sun.reflect.NativeMethodAccessorImpl.invoke0(Native Method)
	at sun.reflect.NativeMethodAccessorImpl.invoke(NativeMethodAccessorImpl.java:39)
	at sun.reflect.DelegatingMethodAccessorImpl.invoke(DelegatingMethodAccessorImpl.java:25)
	at java.lang.reflect.Method.invoke(Method.java:585)
	at junit.framework.TestCase.runTest(TestCase.java:154)
	at junit.framework.TestCase.runBare(TestCase.java:127)
	at junit.framework.TestResult$1.protect(TestResult.java:106)
	at junit.framework.TestResult.runProtected(TestResult.java:124)
	at junit.framework.TestResult.run(TestResult.java:109)
	at junit.framework.TestCase.run(TestCase.java:118)
	at junit.framework.TestSuite.runTest(TestSuite.java:208)
	at junit.framework.TestSuite.run(TestSuite.java:203)
	at org.apache.tools.ant.taskdefs.optional.junit.JUnitTestRunner.run(JUnitTestRunner.java:421)
	at org.apache.tools.ant.taskdefs.optional.junit.JUnitTestRunner.launch(JUnitTestRunner.java:912)
	at org.apache.tools.ant.taskdefs.optional.junit.JUnitTestRunner.main(JUnitTestRunner.java:766)
org.simpleframework.xml.core.MethodException: Get method public java.lang.String org.simpleframework.xml.core.DefaultWithParametersInGetterTest$DefaultTestClassWithInvalidElement.getName(int) is not a valid property
	at org.simpleframework.xml.core.MethodPartFactory.getRead(MethodPartFactory.java:275)
	at org.simpleframework.xml.core.MethodPartFactory.getName(MethodPartFactory.java:126)
	at org.simpleframework.xml.core.MethodPartFactory.getInstance(MethodPartFactory.java:98)
	at org.simpleframework.xml.core.MethodScanner.process(MethodScanner.java:258)
	at org.simpleframework.xml.core.MethodScanner.scan(MethodScanner.java:233)
	at org.simpleframework.xml.core.MethodScanner.scan(MethodScanner.java:181)
	at org.simpleframework.xml.core.MethodScanner.scan(MethodScanner.java:162)
	at org.simpleframework.xml.core.MethodScanner.scan(MethodScanner.java:141)
	at org.simpleframework.xml.core.MethodScanner.<init>(MethodScanner.java:123)
	at org.simpleframework.xml.core.Scanner.method(Scanner.java:639)
	at org.simpleframework.xml.core.Scanner.scan(Scanner.java:391)
	at org.simpleframework.xml.core.Scanner.<init>(Scanner.java:115)
	at org.simpleframework.xml.core.ScannerFactory.getInstance(ScannerFactory.java:65)
	at org.simpleframework.xml.core.Support.getScanner(Support.java:170)
	at org.simpleframework.xml.core.Support.getName(Support.java:232)
	at org.simpleframework.xml.core.Source.getName(Source.java:271)
	at org.simpleframework.xml.core.Traverser.getName(Traverser.java:284)
	at org.simpleframework.xml.core.Traverser.write(Traverser.java:203)
	at org.simpleframework.xml.core.Traverser.write(Traverser.java:186)
	at org.simpleframework.xml.core.Persister.write(Persister.java:1099)
	at org.simpleframework.xml.core.Persister.write(Persister.java:1081)
	at org.simpleframework.xml.core.Persister.write(Persister.java:1062)
	at org.simpleframework.xml.core.Persister.write(Persister.java:1178)
	at org.simpleframework.xml.core.Persister.write(Persister.java:1160)
	at org.simpleframework.xml.core.Persister.write(Persister.java:1141)
	at org.simpleframework.xml.core.DefaultWithParametersInGetterTest.testDefaultWithElementErrors(DefaultWithParametersInGetterTest.java:94)
	at sun.reflect.NativeMethodAccessorImpl.invoke0(Native Method)
	at sun.reflect.NativeMethodAccessorImpl.invoke(NativeMethodAccessorImpl.java:39)
	at sun.reflect.DelegatingMethodAccessorImpl.invoke(DelegatingMethodAccessorImpl.java:25)
	at java.lang.reflect.Method.invoke(Method.java:585)
	at junit.framework.TestCase.runTest(TestCase.java:154)
	at junit.framework.TestCase.runBare(TestCase.java:127)
	at junit.framework.TestResult$1.protect(TestResult.java:106)
	at junit.framework.TestResult.runProtected(TestResult.java:124)
	at junit.framework.TestResult.run(TestResult.java:109)
	at junit.framework.TestCase.run(TestCase.java:118)
	at junit.framework.TestSuite.runTest(TestSuite.java:208)
	at junit.framework.TestSuite.run(TestSuite.java:203)
	at org.apache.tools.ant.taskdefs.optional.junit.JUnitTestRunner.run(JUnitTestRunner.java:421)
	at org.apache.tools.ant.taskdefs.optional.junit.JUnitTestRunner.launch(JUnitTestRunner.java:912)
	at org.apache.tools.ant.taskdefs.optional.junit.JUnitTestRunner.main(JUnitTestRunner.java:766)
------------- ---------------- ---------------

Testcase: testDefaultWithParameters took 0.166 sec
Testcase: testDefaultWithTransientErrors took 0.01 sec
Testcase: testDefaultWithElementErrors took 0.004 sec
Testcase: testDirectory took 0.001 sec
