Testsuite: org.simpleframework.xml.core.ValidateTest
Tests run: 5, Failures: 0, Errors: 0, Time elapsed: 0.203 sec
------------- Standard Error -----------------
org.simpleframework.xml.core.ValueRequiredException: Unable to satisfy @org.simpleframework.xml.Attribute(required=true, empty=, name=version) on field 'version' private org.simpleframework.xml.core.ValidateTest$Version org.simpleframework.xml.core.ValidateTest$TextEntry.version at line -1
	at org.simpleframework.xml.core.Composite.validate(Composite.java:882)
	at org.simpleframework.xml.core.Composite.validateAttributes(Composite.java:730)
	at org.simpleframework.xml.core.Composite.validate(Composite.java:701)
	at org.simpleframework.xml.core.Composite.validate(Composite.java:678)
	at org.simpleframework.xml.core.Traverser.validate(Traverser.java:157)
	at org.simpleframework.xml.core.CompositeArray.validate(CompositeArray.java:212)
	at org.simpleframework.xml.core.CompositeArray.validate(CompositeArray.java:187)
	at org.simpleframework.xml.core.Composite.validate(Composite.java:856)
	at org.simpleframework.xml.core.Composite.validateElement(Composite.java:837)
	at org.simpleframework.xml.core.Composite.validateElements(Composite.java:758)
	at org.simpleframework.xml.core.Composite.validate(Composite.java:702)
	at org.simpleframework.xml.core.Composite.validate(Composite.java:678)
	at org.simpleframework.xml.core.Traverser.validate(Traverser.java:157)
	at org.simpleframework.xml.core.Persister.validate(Persister.java:868)
	at org.simpleframework.xml.core.Persister.validate(Persister.java:848)
	at org.simpleframework.xml.core.Persister.validate(Persister.java:828)
	at org.simpleframework.xml.core.Persister.validate(Persister.java:809)
	at org.simpleframework.xml.core.Persister.validate(Persister.java:726)
	at org.simpleframework.xml.core.ValidateTest.testVersionMissing(ValidateTest.java:86)
	at sun.reflect.NativeMethodAccessorImpl.invoke0(Native Method)
	at sun.reflect.NativeMethodAccessorImpl.invoke(NativeMethodAccessorImpl.java:39)
	at sun.reflect.DelegatingMethodAccessorImpl.invoke(DelegatingMethodAccessorImpl.java:25)
	at java.lang.reflect.Method.invoke(Method.java:585)
	at junit.framework.TestCase.runTest(TestCase.java:154)
	at junit.framework.TestCase.runBare(TestCase.java:127)
	at junit.framework.TestResult$1.protect(TestResult.java:106)
	at junit.framework.TestResult.runProtected(TestResult.java:124)
	at junit.framework.TestResult.run(TestResult.java:109)
	at junit.framework.TestCase.run(TestCase.java:118)
	at junit.framework.TestSuite.runTest(TestSuite.java:208)
	at junit.framework.TestSuite.run(TestSuite.java:203)
	at org.apache.tools.ant.taskdefs.optional.junit.JUnitTestRunner.run(JUnitTestRunner.java:420)
	at org.apache.tools.ant.taskdefs.optional.junit.JUnitTestRunner.launch(JUnitTestRunner.java:911)
	at org.apache.tools.ant.taskdefs.optional.junit.JUnitTestRunner.main(JUnitTestRunner.java:768)
org.simpleframework.xml.core.ValueRequiredException: Unable to satisfy @org.simpleframework.xml.Attribute(required=true, empty=, name=name) on field 'name' private java.lang.String org.simpleframework.xml.core.ValidateTest$TextEntry.name at line -1
	at org.simpleframework.xml.core.Composite.validate(Composite.java:882)
	at org.simpleframework.xml.core.Composite.validateAttributes(Composite.java:730)
	at org.simpleframework.xml.core.Composite.validate(Composite.java:701)
	at org.simpleframework.xml.core.Composite.validate(Composite.java:678)
	at org.simpleframework.xml.core.Traverser.validate(Traverser.java:157)
	at org.simpleframework.xml.core.CompositeArray.validate(CompositeArray.java:212)
	at org.simpleframework.xml.core.CompositeArray.validate(CompositeArray.java:187)
	at org.simpleframework.xml.core.Composite.validate(Composite.java:856)
	at org.simpleframework.xml.core.Composite.validateElement(Composite.java:837)
	at org.simpleframework.xml.core.Composite.validateElements(Composite.java:758)
	at org.simpleframework.xml.core.Composite.validate(Composite.java:702)
	at org.simpleframework.xml.core.Composite.validate(Composite.java:678)
	at org.simpleframework.xml.core.Traverser.validate(Traverser.java:157)
	at org.simpleframework.xml.core.Persister.validate(Persister.java:868)
	at org.simpleframework.xml.core.Persister.validate(Persister.java:848)
	at org.simpleframework.xml.core.Persister.validate(Persister.java:828)
	at org.simpleframework.xml.core.Persister.validate(Persister.java:809)
	at org.simpleframework.xml.core.Persister.validate(Persister.java:726)
	at org.simpleframework.xml.core.ValidateTest.testNameMissing(ValidateTest.java:99)
	at sun.reflect.NativeMethodAccessorImpl.invoke0(Native Method)
	at sun.reflect.NativeMethodAccessorImpl.invoke(NativeMethodAccessorImpl.java:39)
	at sun.reflect.DelegatingMethodAccessorImpl.invoke(DelegatingMethodAccessorImpl.java:25)
	at java.lang.reflect.Method.invoke(Method.java:585)
	at junit.framework.TestCase.runTest(TestCase.java:154)
	at junit.framework.TestCase.runBare(TestCase.java:127)
	at junit.framework.TestResult$1.protect(TestResult.java:106)
	at junit.framework.TestResult.runProtected(TestResult.java:124)
	at junit.framework.TestResult.run(TestResult.java:109)
	at junit.framework.TestCase.run(TestCase.java:118)
	at junit.framework.TestSuite.runTest(TestSuite.java:208)
	at junit.framework.TestSuite.run(TestSuite.java:203)
	at org.apache.tools.ant.taskdefs.optional.junit.JUnitTestRunner.run(JUnitTestRunner.java:420)
	at org.apache.tools.ant.taskdefs.optional.junit.JUnitTestRunner.launch(JUnitTestRunner.java:911)
	at org.apache.tools.ant.taskdefs.optional.junit.JUnitTestRunner.main(JUnitTestRunner.java:768)
org.simpleframework.xml.core.PersistenceException: Element 'array' declared twice at line -1
	at org.simpleframework.xml.core.Variable$Adapter.validate(Variable.java:383)
	at org.simpleframework.xml.core.Composite.validate(Composite.java:856)
	at org.simpleframework.xml.core.Composite.validateElement(Composite.java:837)
	at org.simpleframework.xml.core.Composite.validateElements(Composite.java:758)
	at org.simpleframework.xml.core.Composite.validate(Composite.java:702)
	at org.simpleframework.xml.core.Composite.validate(Composite.java:678)
	at org.simpleframework.xml.core.Traverser.validate(Traverser.java:157)
	at org.simpleframework.xml.core.Persister.validate(Persister.java:868)
	at org.simpleframework.xml.core.Persister.validate(Persister.java:848)
	at org.simpleframework.xml.core.Persister.validate(Persister.java:828)
	at org.simpleframework.xml.core.Persister.validate(Persister.java:809)
	at org.simpleframework.xml.core.Persister.validate(Persister.java:726)
	at org.simpleframework.xml.core.ValidateTest.testExtraElement(ValidateTest.java:125)
	at sun.reflect.NativeMethodAccessorImpl.invoke0(Native Method)
	at sun.reflect.NativeMethodAccessorImpl.invoke(NativeMethodAccessorImpl.java:39)
	at sun.reflect.DelegatingMethodAccessorImpl.invoke(DelegatingMethodAccessorImpl.java:25)
	at java.lang.reflect.Method.invoke(Method.java:585)
	at junit.framework.TestCase.runTest(TestCase.java:154)
	at junit.framework.TestCase.runBare(TestCase.java:127)
	at junit.framework.TestResult$1.protect(TestResult.java:106)
	at junit.framework.TestResult.runProtected(TestResult.java:124)
	at junit.framework.TestResult.run(TestResult.java:109)
	at junit.framework.TestCase.run(TestCase.java:118)
	at junit.framework.TestSuite.runTest(TestSuite.java:208)
	at junit.framework.TestSuite.run(TestSuite.java:203)
	at org.apache.tools.ant.taskdefs.optional.junit.JUnitTestRunner.run(JUnitTestRunner.java:420)
	at org.apache.tools.ant.taskdefs.optional.junit.JUnitTestRunner.launch(JUnitTestRunner.java:911)
	at org.apache.tools.ant.taskdefs.optional.junit.JUnitTestRunner.main(JUnitTestRunner.java:768)
------------- ---------------- ---------------

Testcase: testVersionMissing took 0.187 sec
Testcase: testNameMissing took 0 sec
Testcase: testTextMissing took 0 sec
Testcase: testExtraElement took 0.016 sec
Testcase: testDirectory took 0 sec
