Testsuite: org.simpleframework.xml.core.EmptyTest
Tests run: 10, Failures: 0, Errors: 0, Time elapsed: 0.518 sec
------------- Standard Output ---------------
<test>
   <empty class="java.util.ArrayList"/>
</test><test>
   <empty class="java.util.ArrayList"/>
</test>
<test ID="0">
   <empty class="java.util.ArrayList" ID="1"/>
</test><Test ID="0">
   <Empty class="java.util.ArrayList" ID="1"/>
</Test><test/><test/>
<test ID="0"/><Test ID="0"/><test name="John Doe" address="NULL">
   <description>Some description</description>
</test><test name="John Doe" address="NULL">
   <description>Some description</description>
</test>
<test ID="0" name="John Doe" address="NULL">
   <description ID="1">Some description</description>
</test><Test ID="0" name="John Doe" address="NULL">
   <Description ID="1">Some description</Description>
</Test><test name="NULL" address="NULL">
   <description>Some description</description>
</test><test name="NULL" address="NULL">
   <description>Some description</description>
</test>
<test ID="0" name="NULL" address="NULL">
   <description ID="1">Some description</description>
</test><Test ID="0" name="NULL" address="NULL">
   <Description ID="1">Some description</Description>
</Test>------------- ---------------- ---------------
------------- Standard Error -----------------
org.simpleframework.xml.core.ValueRequiredException: Empty value for @org.simpleframework.xml.Element(required=true, data=false, name=empty) on field 'empty' private java.lang.String org.simpleframework.xml.core.EmptyTest$RequiredElement.empty in class org.simpleframework.xml.core.EmptyTest$RequiredElement at line -1
	at org.simpleframework.xml.core.Composite.read(Composite.java:574)
	at org.simpleframework.xml.core.Composite.readElement(Composite.java:548)
	at org.simpleframework.xml.core.Composite.readElements(Composite.java:464)
	at org.simpleframework.xml.core.Composite.read(Composite.java:350)
	at org.simpleframework.xml.core.Composite.readDefault(Composite.java:246)
	at org.simpleframework.xml.core.Composite.read(Composite.java:216)
	at org.simpleframework.xml.core.Composite.read(Composite.java:186)
	at org.simpleframework.xml.core.Composite.read(Composite.java:134)
	at org.simpleframework.xml.core.Traverser.read(Traverser.java:78)
	at org.simpleframework.xml.core.Persister.read(Persister.java:546)
	at org.simpleframework.xml.core.Persister.read(Persister.java:528)
	at org.simpleframework.xml.core.Persister.read(Persister.java:509)
	at org.simpleframework.xml.core.Persister.read(Persister.java:491)
	at org.simpleframework.xml.core.Persister.read(Persister.java:412)
	at org.simpleframework.xml.core.EmptyTest.testRequiredEmpty(EmptyTest.java:113)
	at sun.reflect.NativeMethodAccessorImpl.invoke0(Native Method)
	at sun.reflect.NativeMethodAccessorImpl.invoke(NativeMethodAccessorImpl.java:39)
	at sun.reflect.DelegatingMethodAccessorImpl.invoke(DelegatingMethodAccessorImpl.java:25)
	at java.lang.reflect.Method.invoke(Method.java:585)
	at junit.framework.TestCase.runTest(TestCase.java:154)
	at junit.framework.TestCase.runBare(TestCase.java:127)
	at junit.framework.TestResult$1.protect(TestResult.java:106)
	at junit.framework.TestResult.runProtected(TestResult.java:124)
	at junit.framework.TestResult.run(TestResult.java:109)
	at junit.framework.TestCase.run(TestCase.java:118)
	at junit.framework.TestSuite.runTest(TestSuite.java:208)
	at junit.framework.TestSuite.run(TestSuite.java:203)
	at org.apache.tools.ant.taskdefs.optional.junit.JUnitTestRunner.run(JUnitTestRunner.java:421)
	at org.apache.tools.ant.taskdefs.optional.junit.JUnitTestRunner.launch(JUnitTestRunner.java:912)
	at org.apache.tools.ant.taskdefs.optional.junit.JUnitTestRunner.main(JUnitTestRunner.java:766)
org.simpleframework.xml.core.ValueRequiredException: Empty value for @org.simpleframework.xml.Element(required=true, data=false, name=) on method 'empty' in class org.simpleframework.xml.core.EmptyTest$RequiredMethodElement at line -1
	at org.simpleframework.xml.core.Composite.read(Composite.java:574)
	at org.simpleframework.xml.core.Composite.readElement(Composite.java:548)
	at org.simpleframework.xml.core.Composite.readElements(Composite.java:464)
	at org.simpleframework.xml.core.Composite.read(Composite.java:350)
	at org.simpleframework.xml.core.Composite.readDefault(Composite.java:246)
	at org.simpleframework.xml.core.Composite.read(Composite.java:216)
	at org.simpleframework.xml.core.Composite.read(Composite.java:186)
	at org.simpleframework.xml.core.Composite.read(Composite.java:134)
	at org.simpleframework.xml.core.Traverser.read(Traverser.java:78)
	at org.simpleframework.xml.core.Persister.read(Persister.java:546)
	at org.simpleframework.xml.core.Persister.read(Persister.java:528)
	at org.simpleframework.xml.core.Persister.read(Persister.java:509)
	at org.simpleframework.xml.core.Persister.read(Persister.java:491)
	at org.simpleframework.xml.core.Persister.read(Persister.java:412)
	at org.simpleframework.xml.core.EmptyTest.testRequiredEmptyMethod(EmptyTest.java:125)
	at sun.reflect.NativeMethodAccessorImpl.invoke0(Native Method)
	at sun.reflect.NativeMethodAccessorImpl.invoke(NativeMethodAccessorImpl.java:39)
	at sun.reflect.DelegatingMethodAccessorImpl.invoke(DelegatingMethodAccessorImpl.java:25)
	at java.lang.reflect.Method.invoke(Method.java:585)
	at junit.framework.TestCase.runTest(TestCase.java:154)
	at junit.framework.TestCase.runBare(TestCase.java:127)
	at junit.framework.TestResult$1.protect(TestResult.java:106)
	at junit.framework.TestResult.runProtected(TestResult.java:124)
	at junit.framework.TestResult.run(TestResult.java:109)
	at junit.framework.TestCase.run(TestCase.java:118)
	at junit.framework.TestSuite.runTest(TestSuite.java:208)
	at junit.framework.TestSuite.run(TestSuite.java:203)
	at org.apache.tools.ant.taskdefs.optional.junit.JUnitTestRunner.run(JUnitTestRunner.java:421)
	at org.apache.tools.ant.taskdefs.optional.junit.JUnitTestRunner.launch(JUnitTestRunner.java:912)
	at org.apache.tools.ant.taskdefs.optional.junit.JUnitTestRunner.main(JUnitTestRunner.java:766)
org.simpleframework.xml.core.ValueRequiredException: Empty value for @org.simpleframework.xml.Element(required=true, data=false, name=empty) on field 'empty' private java.lang.String org.simpleframework.xml.core.EmptyTest$RequiredElement.empty in class org.simpleframework.xml.core.EmptyTest$RequiredElement at line -1
	at org.simpleframework.xml.core.Composite.read(Composite.java:574)
	at org.simpleframework.xml.core.Composite.readElement(Composite.java:548)
	at org.simpleframework.xml.core.Composite.readElements(Composite.java:464)
	at org.simpleframework.xml.core.Composite.read(Composite.java:350)
	at org.simpleframework.xml.core.Composite.readDefault(Composite.java:246)
	at org.simpleframework.xml.core.Composite.read(Composite.java:216)
	at org.simpleframework.xml.core.Composite.read(Composite.java:186)
	at org.simpleframework.xml.core.Composite.read(Composite.java:134)
	at org.simpleframework.xml.core.Traverser.read(Traverser.java:78)
	at org.simpleframework.xml.core.Persister.read(Persister.java:546)
	at org.simpleframework.xml.core.Persister.read(Persister.java:528)
	at org.simpleframework.xml.core.Persister.read(Persister.java:509)
	at org.simpleframework.xml.core.Persister.read(Persister.java:491)
	at org.simpleframework.xml.core.Persister.read(Persister.java:412)
	at org.simpleframework.xml.core.EmptyTest.testRequiredBlank(EmptyTest.java:137)
	at sun.reflect.NativeMethodAccessorImpl.invoke0(Native Method)
	at sun.reflect.NativeMethodAccessorImpl.invoke(NativeMethodAccessorImpl.java:39)
	at sun.reflect.DelegatingMethodAccessorImpl.invoke(DelegatingMethodAccessorImpl.java:25)
	at java.lang.reflect.Method.invoke(Method.java:585)
	at junit.framework.TestCase.runTest(TestCase.java:154)
	at junit.framework.TestCase.runBare(TestCase.java:127)
	at junit.framework.TestResult$1.protect(TestResult.java:106)
	at junit.framework.TestResult.runProtected(TestResult.java:124)
	at junit.framework.TestResult.run(TestResult.java:109)
	at junit.framework.TestCase.run(TestCase.java:118)
	at junit.framework.TestSuite.runTest(TestSuite.java:208)
	at junit.framework.TestSuite.run(TestSuite.java:203)
	at org.apache.tools.ant.taskdefs.optional.junit.JUnitTestRunner.run(JUnitTestRunner.java:421)
	at org.apache.tools.ant.taskdefs.optional.junit.JUnitTestRunner.launch(JUnitTestRunner.java:912)
	at org.apache.tools.ant.taskdefs.optional.junit.JUnitTestRunner.main(JUnitTestRunner.java:766)
org.simpleframework.xml.core.ValueRequiredException: Empty value for @org.simpleframework.xml.Element(required=true, data=false, name=empty) on field 'empty' private java.lang.String org.simpleframework.xml.core.EmptyTest$RequiredElement.empty in class org.simpleframework.xml.core.EmptyTest$RequiredElement at line -1
	at org.simpleframework.xml.core.Composite.read(Composite.java:574)
	at org.simpleframework.xml.core.Composite.readElement(Composite.java:548)
	at org.simpleframework.xml.core.Composite.readElements(Composite.java:464)
	at org.simpleframework.xml.core.Composite.read(Composite.java:350)
	at org.simpleframework.xml.core.Composite.readDefault(Composite.java:246)
	at org.simpleframework.xml.core.Composite.read(Composite.java:216)
	at org.simpleframework.xml.core.Composite.read(Composite.java:186)
	at org.simpleframework.xml.core.Composite.read(Composite.java:134)
	at org.simpleframework.xml.core.Traverser.read(Traverser.java:78)
	at org.simpleframework.xml.core.Persister.read(Persister.java:546)
	at org.simpleframework.xml.core.Persister.read(Persister.java:528)
	at org.simpleframework.xml.core.Persister.read(Persister.java:509)
	at org.simpleframework.xml.core.Persister.read(Persister.java:491)
	at org.simpleframework.xml.core.Persister.read(Persister.java:412)
	at org.simpleframework.xml.core.EmptyTest.testOptionalEmpty(EmptyTest.java:149)
	at sun.reflect.NativeMethodAccessorImpl.invoke0(Native Method)
	at sun.reflect.NativeMethodAccessorImpl.invoke(NativeMethodAccessorImpl.java:39)
	at sun.reflect.DelegatingMethodAccessorImpl.invoke(DelegatingMethodAccessorImpl.java:25)
	at java.lang.reflect.Method.invoke(Method.java:585)
	at junit.framework.TestCase.runTest(TestCase.java:154)
	at junit.framework.TestCase.runBare(TestCase.java:127)
	at junit.framework.TestResult$1.protect(TestResult.java:106)
	at junit.framework.TestResult.runProtected(TestResult.java:124)
	at junit.framework.TestResult.run(TestResult.java:109)
	at junit.framework.TestCase.run(TestCase.java:118)
	at junit.framework.TestSuite.runTest(TestSuite.java:208)
	at junit.framework.TestSuite.run(TestSuite.java:203)
	at org.apache.tools.ant.taskdefs.optional.junit.JUnitTestRunner.run(JUnitTestRunner.java:421)
	at org.apache.tools.ant.taskdefs.optional.junit.JUnitTestRunner.launch(JUnitTestRunner.java:912)
	at org.apache.tools.ant.taskdefs.optional.junit.JUnitTestRunner.main(JUnitTestRunner.java:766)
------------- ---------------- ---------------

Testcase: testRequiredEmpty took 0.134 sec
Testcase: testRequiredEmptyMethod took 0.008 sec
Testcase: testRequiredBlank took 0.002 sec
Testcase: testOptionalEmpty took 0.002 sec
Testcase: testOptionalBlank took 0.001 sec
Testcase: testEmptyCollection took 0.098 sec
Testcase: testRequiredEmptyAttribute took 0.008 sec
Testcase: testOptionalEmptyAttribute took 0.001 sec
Testcase: testDefaultedAttribute took 0.249 sec
Testcase: testDirectory took 0 sec
