Testsuite: simple.xml.load.EmptyTest
Tests run: 10, Failures: 0, Errors: 0, Time elapsed: 0.266 sec
------------- Standard Output ---------------
<test>
   <empty class="java.util.ArrayList"/>
</test><test/><test address="NULL" name="John Doe">
   <description>Some description</description>
</test><test address="NULL" name="NULL">
   <description>Some description</description>
</test>------------- ---------------- ---------------
------------- Standard Error -----------------
simple.xml.load.ValueRequiredException: Empty value for @simple.xml.Element(required=true, data=false, name=empty) on field 'empty' in class simple.xml.load.EmptyTest$RequiredElement at line -1
	at simple.xml.load.Composite.read(Composite.java:352)
	at simple.xml.load.Composite.readElement(Composite.java:324)
	at simple.xml.load.Composite.readElements(Composite.java:244)
	at simple.xml.load.Composite.read(Composite.java:188)
	at simple.xml.load.Composite.read(Composite.java:134)
	at simple.xml.load.Composite.read(Composite.java:110)
	at simple.xml.load.Traverser.read(Traverser.java:72)
	at simple.xml.load.Persister.read(Persister.java:391)
	at simple.xml.load.Persister.read(Persister.java:373)
	at simple.xml.load.Persister.read(Persister.java:354)
	at simple.xml.load.Persister.read(Persister.java:336)
	at simple.xml.load.Persister.read(Persister.java:257)
	at simple.xml.load.EmptyTest.testRequiredEmpty(EmptyTest.java:110)
	at sun.reflect.NativeMethodAccessorImpl.invoke0(Native Method)
	at sun.reflect.NativeMethodAccessorImpl.invoke(NativeMethodAccessorImpl.java:39)
	at sun.reflect.DelegatingMethodAccessorImpl.invoke(DelegatingMethodAccessorImpl.java:25)
	at java.lang.reflect.Method.invoke(Method.java:585)
	at junit.framework.TestCase.runTest(TestCase.java:154)
	at junit.framework.TestCase.runBare(TestCase.java:127)
	at junit.framework.TestResult$1.protect(TestResult.java:106)
	at junit.framework.TestResult.runProtected(TestResult.java:124)
	at junit.framework.TestResult.run(TestResult.java:109)
	at junit.framework.TestCase.run(TestCase.java:118)
	at junit.framework.TestSuite.runTest(TestSuite.java:208)
	at junit.framework.TestSuite.run(TestSuite.java:203)
	at org.apache.tools.ant.taskdefs.optional.junit.JUnitTestRunner.run(JUnitTestRunner.java:421)
	at org.apache.tools.ant.taskdefs.optional.junit.JUnitTestRunner.launch(JUnitTestRunner.java:912)
	at org.apache.tools.ant.taskdefs.optional.junit.JUnitTestRunner.main(JUnitTestRunner.java:766)
simple.xml.load.ValueRequiredException: Empty value for @simple.xml.Element(required=true, data=false, name=) on method 'empty' in class simple.xml.load.EmptyTest$RequiredMethodElement at line -1
	at simple.xml.load.Composite.read(Composite.java:352)
	at simple.xml.load.Composite.readElement(Composite.java:324)
	at simple.xml.load.Composite.readElements(Composite.java:244)
	at simple.xml.load.Composite.read(Composite.java:188)
	at simple.xml.load.Composite.read(Composite.java:134)
	at simple.xml.load.Composite.read(Composite.java:110)
	at simple.xml.load.Traverser.read(Traverser.java:72)
	at simple.xml.load.Persister.read(Persister.java:391)
	at simple.xml.load.Persister.read(Persister.java:373)
	at simple.xml.load.Persister.read(Persister.java:354)
	at simple.xml.load.Persister.read(Persister.java:336)
	at simple.xml.load.Persister.read(Persister.java:257)
	at simple.xml.load.EmptyTest.testRequiredEmptyMethod(EmptyTest.java:122)
	at sun.reflect.NativeMethodAccessorImpl.invoke0(Native Method)
	at sun.reflect.NativeMethodAccessorImpl.invoke(NativeMethodAccessorImpl.java:39)
	at sun.reflect.DelegatingMethodAccessorImpl.invoke(DelegatingMethodAccessorImpl.java:25)
	at java.lang.reflect.Method.invoke(Method.java:585)
	at junit.framework.TestCase.runTest(TestCase.java:154)
	at junit.framework.TestCase.runBare(TestCase.java:127)
	at junit.framework.TestResult$1.protect(TestResult.java:106)
	at junit.framework.TestResult.runProtected(TestResult.java:124)
	at junit.framework.TestResult.run(TestResult.java:109)
	at junit.framework.TestCase.run(TestCase.java:118)
	at junit.framework.TestSuite.runTest(TestSuite.java:208)
	at junit.framework.TestSuite.run(TestSuite.java:203)
	at org.apache.tools.ant.taskdefs.optional.junit.JUnitTestRunner.run(JUnitTestRunner.java:421)
	at org.apache.tools.ant.taskdefs.optional.junit.JUnitTestRunner.launch(JUnitTestRunner.java:912)
	at org.apache.tools.ant.taskdefs.optional.junit.JUnitTestRunner.main(JUnitTestRunner.java:766)
simple.xml.load.ValueRequiredException: Empty value for @simple.xml.Element(required=true, data=false, name=empty) on field 'empty' in class simple.xml.load.EmptyTest$RequiredElement at line -1
	at simple.xml.load.Composite.read(Composite.java:352)
	at simple.xml.load.Composite.readElement(Composite.java:324)
	at simple.xml.load.Composite.readElements(Composite.java:244)
	at simple.xml.load.Composite.read(Composite.java:188)
	at simple.xml.load.Composite.read(Composite.java:134)
	at simple.xml.load.Composite.read(Composite.java:110)
	at simple.xml.load.Traverser.read(Traverser.java:72)
	at simple.xml.load.Persister.read(Persister.java:391)
	at simple.xml.load.Persister.read(Persister.java:373)
	at simple.xml.load.Persister.read(Persister.java:354)
	at simple.xml.load.Persister.read(Persister.java:336)
	at simple.xml.load.Persister.read(Persister.java:257)
	at simple.xml.load.EmptyTest.testRequiredBlank(EmptyTest.java:134)
	at sun.reflect.NativeMethodAccessorImpl.invoke0(Native Method)
	at sun.reflect.NativeMethodAccessorImpl.invoke(NativeMethodAccessorImpl.java:39)
	at sun.reflect.DelegatingMethodAccessorImpl.invoke(DelegatingMethodAccessorImpl.java:25)
	at java.lang.reflect.Method.invoke(Method.java:585)
	at junit.framework.TestCase.runTest(TestCase.java:154)
	at junit.framework.TestCase.runBare(TestCase.java:127)
	at junit.framework.TestResult$1.protect(TestResult.java:106)
	at junit.framework.TestResult.runProtected(TestResult.java:124)
	at junit.framework.TestResult.run(TestResult.java:109)
	at junit.framework.TestCase.run(TestCase.java:118)
	at junit.framework.TestSuite.runTest(TestSuite.java:208)
	at junit.framework.TestSuite.run(TestSuite.java:203)
	at org.apache.tools.ant.taskdefs.optional.junit.JUnitTestRunner.run(JUnitTestRunner.java:421)
	at org.apache.tools.ant.taskdefs.optional.junit.JUnitTestRunner.launch(JUnitTestRunner.java:912)
	at org.apache.tools.ant.taskdefs.optional.junit.JUnitTestRunner.main(JUnitTestRunner.java:766)
simple.xml.load.ValueRequiredException: Empty value for @simple.xml.Element(required=true, data=false, name=empty) on field 'empty' in class simple.xml.load.EmptyTest$RequiredElement at line -1
	at simple.xml.load.Composite.read(Composite.java:352)
	at simple.xml.load.Composite.readElement(Composite.java:324)
	at simple.xml.load.Composite.readElements(Composite.java:244)
	at simple.xml.load.Composite.read(Composite.java:188)
	at simple.xml.load.Composite.read(Composite.java:134)
	at simple.xml.load.Composite.read(Composite.java:110)
	at simple.xml.load.Traverser.read(Traverser.java:72)
	at simple.xml.load.Persister.read(Persister.java:391)
	at simple.xml.load.Persister.read(Persister.java:373)
	at simple.xml.load.Persister.read(Persister.java:354)
	at simple.xml.load.Persister.read(Persister.java:336)
	at simple.xml.load.Persister.read(Persister.java:257)
	at simple.xml.load.EmptyTest.testOptionalEmpty(EmptyTest.java:146)
	at sun.reflect.NativeMethodAccessorImpl.invoke0(Native Method)
	at sun.reflect.NativeMethodAccessorImpl.invoke(NativeMethodAccessorImpl.java:39)
	at sun.reflect.DelegatingMethodAccessorImpl.invoke(DelegatingMethodAccessorImpl.java:25)
	at java.lang.reflect.Method.invoke(Method.java:585)
	at junit.framework.TestCase.runTest(TestCase.java:154)
	at junit.framework.TestCase.runBare(TestCase.java:127)
	at junit.framework.TestResult$1.protect(TestResult.java:106)
	at junit.framework.TestResult.runProtected(TestResult.java:124)
	at junit.framework.TestResult.run(TestResult.java:109)
	at junit.framework.TestCase.run(TestCase.java:118)
	at junit.framework.TestSuite.runTest(TestSuite.java:208)
	at junit.framework.TestSuite.run(TestSuite.java:203)
	at org.apache.tools.ant.taskdefs.optional.junit.JUnitTestRunner.run(JUnitTestRunner.java:421)
	at org.apache.tools.ant.taskdefs.optional.junit.JUnitTestRunner.launch(JUnitTestRunner.java:912)
	at org.apache.tools.ant.taskdefs.optional.junit.JUnitTestRunner.main(JUnitTestRunner.java:766)
------------- ---------------- ---------------

Testcase: testRequiredEmpty took 0.125 sec
Testcase: testRequiredEmptyMethod took 0.016 sec
Testcase: testRequiredBlank took 0 sec
Testcase: testOptionalEmpty took 0 sec
Testcase: testOptionalBlank took 0 sec
Testcase: testEmptyCollection took 0.063 sec
Testcase: testRequiredEmptyAttribute took 0.015 sec
Testcase: testOptionalEmptyAttribute took 0 sec
Testcase: testDefaultedAttribute took 0.016 sec
Testcase: testDirectory took 0 sec
