Testsuite: org.simpleframework.xml.load.RedundantOrderTest
Tests run: 3, Failures: 0, Errors: 0, Time elapsed: 0.09 sec
------------- Standard Error -----------------
org.simpleframework.xml.load.ElementException: Ordered element 'c' missing for class org.simpleframework.xml.load.RedundantOrderTest$ElementEntry
	at org.simpleframework.xml.load.Scanner.validateElements(Scanner.java:412)
	at org.simpleframework.xml.load.Scanner.validate(Scanner.java:393)
	at org.simpleframework.xml.load.Scanner.process(Scanner.java:505)
	at org.simpleframework.xml.load.Scanner.scan(Scanner.java:348)
	at org.simpleframework.xml.load.Scanner.<init>(Scanner.java:126)
	at org.simpleframework.xml.load.ScannerFactory.getInstance(ScannerFactory.java:63)
	at org.simpleframework.xml.load.Factory.getScanner(Factory.java:166)
	at org.simpleframework.xml.load.Factory.getName(Factory.java:183)
	at org.simpleframework.xml.load.Traverser.getName(Traverser.java:243)
	at org.simpleframework.xml.load.Traverser.write(Traverser.java:185)
	at org.simpleframework.xml.load.Traverser.write(Traverser.java:168)
	at org.simpleframework.xml.load.Persister.write(Persister.java:777)
	at org.simpleframework.xml.load.Persister.write(Persister.java:759)
	at org.simpleframework.xml.load.Persister.write(Persister.java:740)
	at org.simpleframework.xml.load.Persister.write(Persister.java:856)
	at org.simpleframework.xml.ValidationTestCase.validate(ValidationTestCase.java:77)
	at org.simpleframework.xml.load.RedundantOrderTest.testRedundantElementOrder(RedundantOrderTest.java:64)
	at sun.reflect.NativeMethodAccessorImpl.invoke0(Native Method)
	at sun.reflect.NativeMethodAccessorImpl.invoke(NativeMethodAccessorImpl.java:39)
	at sun.reflect.DelegatingMethodAccessorImpl.invoke(DelegatingMethodAccessorImpl.java:25)
	at java.lang.reflect.Method.invoke(Method.java:585)
	at junit.framework.TestCase.runTest(TestCase.java:154)
	at junit.framework.TestCase.runBare(TestCase.java:127)
	at junit.framework.TestResult$1.protect(TestResult.java:106)
	at junit.framework.TestResult.runProtected(TestResult.java:124)
	at junit.framework.TestResult.run(TestResult.java:109)
	at junit.framework.TestCase.run(TestCase.java:118)
	at junit.framework.TestSuite.runTest(TestSuite.java:208)
	at junit.framework.TestSuite.run(TestSuite.java:203)
	at org.apache.tools.ant.taskdefs.optional.junit.JUnitTestRunner.run(JUnitTestRunner.java:421)
	at org.apache.tools.ant.taskdefs.optional.junit.JUnitTestRunner.launch(JUnitTestRunner.java:912)
	at org.apache.tools.ant.taskdefs.optional.junit.JUnitTestRunner.main(JUnitTestRunner.java:766)
org.simpleframework.xml.load.AttributeException: Ordered attribute 'c' missing for class org.simpleframework.xml.load.RedundantOrderTest$AttributeEntry
	at org.simpleframework.xml.load.Scanner.validateAttributes(Scanner.java:431)
	at org.simpleframework.xml.load.Scanner.validate(Scanner.java:394)
	at org.simpleframework.xml.load.Scanner.process(Scanner.java:505)
	at org.simpleframework.xml.load.Scanner.scan(Scanner.java:348)
	at org.simpleframework.xml.load.Scanner.<init>(Scanner.java:126)
	at org.simpleframework.xml.load.ScannerFactory.getInstance(ScannerFactory.java:63)
	at org.simpleframework.xml.load.Factory.getScanner(Factory.java:166)
	at org.simpleframework.xml.load.Factory.getName(Factory.java:183)
	at org.simpleframework.xml.load.Traverser.getName(Traverser.java:243)
	at org.simpleframework.xml.load.Traverser.write(Traverser.java:185)
	at org.simpleframework.xml.load.Traverser.write(Traverser.java:168)
	at org.simpleframework.xml.load.Persister.write(Persister.java:777)
	at org.simpleframework.xml.load.Persister.write(Persister.java:759)
	at org.simpleframework.xml.load.Persister.write(Persister.java:740)
	at org.simpleframework.xml.load.Persister.write(Persister.java:856)
	at org.simpleframework.xml.ValidationTestCase.validate(ValidationTestCase.java:77)
	at org.simpleframework.xml.load.RedundantOrderTest.testRedundantAttributeOrder(RedundantOrderTest.java:78)
	at sun.reflect.NativeMethodAccessorImpl.invoke0(Native Method)
	at sun.reflect.NativeMethodAccessorImpl.invoke(NativeMethodAccessorImpl.java:39)
	at sun.reflect.DelegatingMethodAccessorImpl.invoke(DelegatingMethodAccessorImpl.java:25)
	at java.lang.reflect.Method.invoke(Method.java:585)
	at junit.framework.TestCase.runTest(TestCase.java:154)
	at junit.framework.TestCase.runBare(TestCase.java:127)
	at junit.framework.TestResult$1.protect(TestResult.java:106)
	at junit.framework.TestResult.runProtected(TestResult.java:124)
	at junit.framework.TestResult.run(TestResult.java:109)
	at junit.framework.TestCase.run(TestCase.java:118)
	at junit.framework.TestSuite.runTest(TestSuite.java:208)
	at junit.framework.TestSuite.run(TestSuite.java:203)
	at org.apache.tools.ant.taskdefs.optional.junit.JUnitTestRunner.run(JUnitTestRunner.java:421)
	at org.apache.tools.ant.taskdefs.optional.junit.JUnitTestRunner.launch(JUnitTestRunner.java:912)
	at org.apache.tools.ant.taskdefs.optional.junit.JUnitTestRunner.main(JUnitTestRunner.java:766)
------------- ---------------- ---------------

Testcase: testRedundantElementOrder took 0.077 sec
Testcase: testRedundantAttributeOrder took 0.005 sec
Testcase: testDirectory took 0 sec
