Testsuite: org.simpleframework.xml.core.PathParserTest
Tests run: 4, Failures: 0, Errors: 0, Time elapsed: 0.203 sec
------------- Standard Error -----------------
org.simpleframework.xml.core.PathException: Path '//' in class org.simpleframework.xml.core.PathParserTest references document root
	at org.simpleframework.xml.core.PathParser.path(PathParser.java:250)
	at org.simpleframework.xml.core.PathParser.parse(PathParser.java:239)
	at org.simpleframework.xml.core.PathParser.<init>(PathParser.java:115)
	at org.simpleframework.xml.core.PathParserTest.ensureException(PathParserTest.java:202)
	at org.simpleframework.xml.core.PathParserTest.testExceptions(PathParserTest.java:185)
	at sun.reflect.NativeMethodAccessorImpl.invoke0(Native Method)
	at sun.reflect.NativeMethodAccessorImpl.invoke(NativeMethodAccessorImpl.java:39)
	at sun.reflect.DelegatingMethodAccessorImpl.invoke(DelegatingMethodAccessorImpl.java:25)
	at java.lang.reflect.Method.invoke(Method.java:592)
	at junit.framework.TestCase.runTest(TestCase.java:154)
	at junit.framework.TestCase.runBare(TestCase.java:127)
	at junit.framework.TestResult$1.protect(TestResult.java:106)
	at junit.framework.TestResult.runProtected(TestResult.java:124)
	at junit.framework.TestResult.run(TestResult.java:109)
	at junit.framework.TestCase.run(TestCase.java:118)
	at junit.framework.TestSuite.runTest(TestSuite.java:208)
	at junit.framework.TestSuite.run(TestSuite.java:203)
	at org.apache.tools.ant.taskdefs.optional.junit.JUnitTestRunner.run(JUnitTestRunner.java:422)
	at org.apache.tools.ant.taskdefs.optional.junit.JUnitTestRunner.launch(JUnitTestRunner.java:931)
	at org.apache.tools.ant.taskdefs.optional.junit.JUnitTestRunner.main(JUnitTestRunner.java:785)
org.simpleframework.xml.core.PathException: Invalid index for path 'some[[1]/path' in class org.simpleframework.xml.core.PathParserTest
	at org.simpleframework.xml.core.PathParser.index(PathParser.java:371)
	at org.simpleframework.xml.core.PathParser.element(PathParser.java:312)
	at org.simpleframework.xml.core.PathParser.segment(PathParser.java:292)
	at org.simpleframework.xml.core.PathParser.path(PathParser.java:256)
	at org.simpleframework.xml.core.PathParser.parse(PathParser.java:239)
	at org.simpleframework.xml.core.PathParser.<init>(PathParser.java:115)
	at org.simpleframework.xml.core.PathParserTest.ensureException(PathParserTest.java:202)
	at org.simpleframework.xml.core.PathParserTest.testExceptions(PathParserTest.java:186)
	at sun.reflect.NativeMethodAccessorImpl.invoke0(Native Method)
	at sun.reflect.NativeMethodAccessorImpl.invoke(NativeMethodAccessorImpl.java:39)
	at sun.reflect.DelegatingMethodAccessorImpl.invoke(DelegatingMethodAccessorImpl.java:25)
	at java.lang.reflect.Method.invoke(Method.java:592)
	at junit.framework.TestCase.runTest(TestCase.java:154)
	at junit.framework.TestCase.runBare(TestCase.java:127)
	at junit.framework.TestResult$1.protect(TestResult.java:106)
	at junit.framework.TestResult.runProtected(TestResult.java:124)
	at junit.framework.TestResult.run(TestResult.java:109)
	at junit.framework.TestCase.run(TestCase.java:118)
	at junit.framework.TestSuite.runTest(TestSuite.java:208)
	at junit.framework.TestSuite.run(TestSuite.java:203)
	at org.apache.tools.ant.taskdefs.optional.junit.JUnitTestRunner.run(JUnitTestRunner.java:422)
	at org.apache.tools.ant.taskdefs.optional.junit.JUnitTestRunner.launch(JUnitTestRunner.java:931)
	at org.apache.tools.ant.taskdefs.optional.junit.JUnitTestRunner.main(JUnitTestRunner.java:785)
org.simpleframework.xml.core.PathException: Illegal character ']' in element for 'some1]/path' in class org.simpleframework.xml.core.PathParserTest
	at org.simpleframework.xml.core.PathParser.element(PathParser.java:315)
	at org.simpleframework.xml.core.PathParser.segment(PathParser.java:292)
	at org.simpleframework.xml.core.PathParser.path(PathParser.java:256)
	at org.simpleframework.xml.core.PathParser.parse(PathParser.java:239)
	at org.simpleframework.xml.core.PathParser.<init>(PathParser.java:115)
	at org.simpleframework.xml.core.PathParserTest.ensureException(PathParserTest.java:202)
	at org.simpleframework.xml.core.PathParserTest.testExceptions(PathParserTest.java:187)
	at sun.reflect.NativeMethodAccessorImpl.invoke0(Native Method)
	at sun.reflect.NativeMethodAccessorImpl.invoke(NativeMethodAccessorImpl.java:39)
	at sun.reflect.DelegatingMethodAccessorImpl.invoke(DelegatingMethodAccessorImpl.java:25)
	at java.lang.reflect.Method.invoke(Method.java:592)
	at junit.framework.TestCase.runTest(TestCase.java:154)
	at junit.framework.TestCase.runBare(TestCase.java:127)
	at junit.framework.TestResult$1.protect(TestResult.java:106)
	at junit.framework.TestResult.runProtected(TestResult.java:124)
	at junit.framework.TestResult.run(TestResult.java:109)
	at junit.framework.TestCase.run(TestCase.java:118)
	at junit.framework.TestSuite.runTest(TestSuite.java:208)
	at junit.framework.TestSuite.run(TestSuite.java:203)
	at org.apache.tools.ant.taskdefs.optional.junit.JUnitTestRunner.run(JUnitTestRunner.java:422)
	at org.apache.tools.ant.taskdefs.optional.junit.JUnitTestRunner.launch(JUnitTestRunner.java:931)
	at org.apache.tools.ant.taskdefs.optional.junit.JUnitTestRunner.main(JUnitTestRunner.java:785)
org.simpleframework.xml.core.PathException: Invalid path expression 'a/b//c' in class org.simpleframework.xml.core.PathParserTest
	at org.simpleframework.xml.core.PathParser.segment(PathParser.java:287)
	at org.simpleframework.xml.core.PathParser.path(PathParser.java:256)
	at org.simpleframework.xml.core.PathParser.parse(PathParser.java:239)
	at org.simpleframework.xml.core.PathParser.<init>(PathParser.java:115)
	at org.simpleframework.xml.core.PathParserTest.ensureException(PathParserTest.java:202)
	at org.simpleframework.xml.core.PathParserTest.testExceptions(PathParserTest.java:188)
	at sun.reflect.NativeMethodAccessorImpl.invoke0(Native Method)
	at sun.reflect.NativeMethodAccessorImpl.invoke(NativeMethodAccessorImpl.java:39)
	at sun.reflect.DelegatingMethodAccessorImpl.invoke(DelegatingMethodAccessorImpl.java:25)
	at java.lang.reflect.Method.invoke(Method.java:592)
	at junit.framework.TestCase.runTest(TestCase.java:154)
	at junit.framework.TestCase.runBare(TestCase.java:127)
	at junit.framework.TestResult$1.protect(TestResult.java:106)
	at junit.framework.TestResult.runProtected(TestResult.java:124)
	at junit.framework.TestResult.run(TestResult.java:109)
	at junit.framework.TestCase.run(TestCase.java:118)
	at junit.framework.TestSuite.runTest(TestSuite.java:208)
	at junit.framework.TestSuite.run(TestSuite.java:203)
	at org.apache.tools.ant.taskdefs.optional.junit.JUnitTestRunner.run(JUnitTestRunner.java:422)
	at org.apache.tools.ant.taskdefs.optional.junit.JUnitTestRunner.launch(JUnitTestRunner.java:931)
	at org.apache.tools.ant.taskdefs.optional.junit.JUnitTestRunner.main(JUnitTestRunner.java:785)
org.simpleframework.xml.core.PathException: Invalid path expression './a[100]//b' in class org.simpleframework.xml.core.PathParserTest
	at org.simpleframework.xml.core.PathParser.segment(PathParser.java:287)
	at org.simpleframework.xml.core.PathParser.path(PathParser.java:256)
	at org.simpleframework.xml.core.PathParser.parse(PathParser.java:239)
	at org.simpleframework.xml.core.PathParser.<init>(PathParser.java:115)
	at org.simpleframework.xml.core.PathParserTest.ensureException(PathParserTest.java:202)
	at org.simpleframework.xml.core.PathParserTest.testExceptions(PathParserTest.java:189)
	at sun.reflect.NativeMethodAccessorImpl.invoke0(Native Method)
	at sun.reflect.NativeMethodAccessorImpl.invoke(NativeMethodAccessorImpl.java:39)
	at sun.reflect.DelegatingMethodAccessorImpl.invoke(DelegatingMethodAccessorImpl.java:25)
	at java.lang.reflect.Method.invoke(Method.java:592)
	at junit.framework.TestCase.runTest(TestCase.java:154)
	at junit.framework.TestCase.runBare(TestCase.java:127)
	at junit.framework.TestResult$1.protect(TestResult.java:106)
	at junit.framework.TestResult.runProtected(TestResult.java:124)
	at junit.framework.TestResult.run(TestResult.java:109)
	at junit.framework.TestCase.run(TestCase.java:118)
	at junit.framework.TestSuite.runTest(TestSuite.java:208)
	at junit.framework.TestSuite.run(TestSuite.java:203)
	at org.apache.tools.ant.taskdefs.optional.junit.JUnitTestRunner.run(JUnitTestRunner.java:422)
	at org.apache.tools.ant.taskdefs.optional.junit.JUnitTestRunner.launch(JUnitTestRunner.java:931)
	at org.apache.tools.ant.taskdefs.optional.junit.JUnitTestRunner.main(JUnitTestRunner.java:785)
org.simpleframework.xml.core.PathException: Illegal character '@' in attribute for './a[100]/b/@@attribute' in class org.simpleframework.xml.core.PathParserTest
	at org.simpleframework.xml.core.PathParser.attribute(PathParser.java:337)
	at org.simpleframework.xml.core.PathParser.segment(PathParser.java:290)
	at org.simpleframework.xml.core.PathParser.path(PathParser.java:256)
	at org.simpleframework.xml.core.PathParser.parse(PathParser.java:239)
	at org.simpleframework.xml.core.PathParser.<init>(PathParser.java:115)
	at org.simpleframework.xml.core.PathParserTest.ensureException(PathParserTest.java:202)
	at org.simpleframework.xml.core.PathParserTest.testExceptions(PathParserTest.java:190)
	at sun.reflect.NativeMethodAccessorImpl.invoke0(Native Method)
	at sun.reflect.NativeMethodAccessorImpl.invoke(NativeMethodAccessorImpl.java:39)
	at sun.reflect.DelegatingMethodAccessorImpl.invoke(DelegatingMethodAccessorImpl.java:25)
	at java.lang.reflect.Method.invoke(Method.java:592)
	at junit.framework.TestCase.runTest(TestCase.java:154)
	at junit.framework.TestCase.runBare(TestCase.java:127)
	at junit.framework.TestResult$1.protect(TestResult.java:106)
	at junit.framework.TestResult.runProtected(TestResult.java:124)
	at junit.framework.TestResult.run(TestResult.java:109)
	at junit.framework.TestCase.run(TestCase.java:118)
	at junit.framework.TestSuite.runTest(TestSuite.java:208)
	at junit.framework.TestSuite.run(TestSuite.java:203)
	at org.apache.tools.ant.taskdefs.optional.junit.JUnitTestRunner.run(JUnitTestRunner.java:422)
	at org.apache.tools.ant.taskdefs.optional.junit.JUnitTestRunner.launch(JUnitTestRunner.java:931)
	at org.apache.tools.ant.taskdefs.optional.junit.JUnitTestRunner.main(JUnitTestRunner.java:785)
org.simpleframework.xml.core.PathException: Path '../a[100]/b/@attribute' in class org.simpleframework.xml.core.PathParserTest has an illegal syntax
	at org.simpleframework.xml.core.PathParser.skip(PathParser.java:270)
	at org.simpleframework.xml.core.PathParser.path(PathParser.java:253)
	at org.simpleframework.xml.core.PathParser.parse(PathParser.java:239)
	at org.simpleframework.xml.core.PathParser.<init>(PathParser.java:115)
	at org.simpleframework.xml.core.PathParserTest.ensureException(PathParserTest.java:202)
	at org.simpleframework.xml.core.PathParserTest.testExceptions(PathParserTest.java:191)
	at sun.reflect.NativeMethodAccessorImpl.invoke0(Native Method)
	at sun.reflect.NativeMethodAccessorImpl.invoke(NativeMethodAccessorImpl.java:39)
	at sun.reflect.DelegatingMethodAccessorImpl.invoke(DelegatingMethodAccessorImpl.java:25)
	at java.lang.reflect.Method.invoke(Method.java:592)
	at junit.framework.TestCase.runTest(TestCase.java:154)
	at junit.framework.TestCase.runBare(TestCase.java:127)
	at junit.framework.TestResult$1.protect(TestResult.java:106)
	at junit.framework.TestResult.runProtected(TestResult.java:124)
	at junit.framework.TestResult.run(TestResult.java:109)
	at junit.framework.TestCase.run(TestCase.java:118)
	at junit.framework.TestSuite.runTest(TestSuite.java:208)
	at junit.framework.TestSuite.run(TestSuite.java:203)
	at org.apache.tools.ant.taskdefs.optional.junit.JUnitTestRunner.run(JUnitTestRunner.java:422)
	at org.apache.tools.ant.taskdefs.optional.junit.JUnitTestRunner.launch(JUnitTestRunner.java:931)
	at org.apache.tools.ant.taskdefs.optional.junit.JUnitTestRunner.main(JUnitTestRunner.java:785)
org.simpleframework.xml.core.PathException: Path '../a[100]/@b/@attribute' in class org.simpleframework.xml.core.PathParserTest has an illegal syntax
	at org.simpleframework.xml.core.PathParser.skip(PathParser.java:270)
	at org.simpleframework.xml.core.PathParser.path(PathParser.java:253)
	at org.simpleframework.xml.core.PathParser.parse(PathParser.java:239)
	at org.simpleframework.xml.core.PathParser.<init>(PathParser.java:115)
	at org.simpleframework.xml.core.PathParserTest.ensureException(PathParserTest.java:202)
	at org.simpleframework.xml.core.PathParserTest.testExceptions(PathParserTest.java:192)
	at sun.reflect.NativeMethodAccessorImpl.invoke0(Native Method)
	at sun.reflect.NativeMethodAccessorImpl.invoke(NativeMethodAccessorImpl.java:39)
	at sun.reflect.DelegatingMethodAccessorImpl.invoke(DelegatingMethodAccessorImpl.java:25)
	at java.lang.reflect.Method.invoke(Method.java:592)
	at junit.framework.TestCase.runTest(TestCase.java:154)
	at junit.framework.TestCase.runBare(TestCase.java:127)
	at junit.framework.TestResult$1.protect(TestResult.java:106)
	at junit.framework.TestResult.runProtected(TestResult.java:124)
	at junit.framework.TestResult.run(TestResult.java:109)
	at junit.framework.TestCase.run(TestCase.java:118)
	at junit.framework.TestSuite.runTest(TestSuite.java:208)
	at junit.framework.TestSuite.run(TestSuite.java:203)
	at org.apache.tools.ant.taskdefs.optional.junit.JUnitTestRunner.run(JUnitTestRunner.java:422)
	at org.apache.tools.ant.taskdefs.optional.junit.JUnitTestRunner.launch(JUnitTestRunner.java:931)
	at org.apache.tools.ant.taskdefs.optional.junit.JUnitTestRunner.main(JUnitTestRunner.java:785)
org.simpleframework.xml.core.PathException: Invalid path expression 'a//b//c' in class org.simpleframework.xml.core.PathParserTest
	at org.simpleframework.xml.core.PathParser.segment(PathParser.java:287)
	at org.simpleframework.xml.core.PathParser.path(PathParser.java:256)
	at org.simpleframework.xml.core.PathParser.parse(PathParser.java:239)
	at org.simpleframework.xml.core.PathParser.<init>(PathParser.java:115)
	at org.simpleframework.xml.core.PathParserTest.ensureException(PathParserTest.java:202)
	at org.simpleframework.xml.core.PathParserTest.testExceptions(PathParserTest.java:193)
	at sun.reflect.NativeMethodAccessorImpl.invoke0(Native Method)
	at sun.reflect.NativeMethodAccessorImpl.invoke(NativeMethodAccessorImpl.java:39)
	at sun.reflect.DelegatingMethodAccessorImpl.invoke(DelegatingMethodAccessorImpl.java:25)
	at java.lang.reflect.Method.invoke(Method.java:592)
	at junit.framework.TestCase.runTest(TestCase.java:154)
	at junit.framework.TestCase.runBare(TestCase.java:127)
	at junit.framework.TestResult$1.protect(TestResult.java:106)
	at junit.framework.TestResult.runProtected(TestResult.java:124)
	at junit.framework.TestResult.run(TestResult.java:109)
	at junit.framework.TestCase.run(TestCase.java:118)
	at junit.framework.TestSuite.runTest(TestSuite.java:208)
	at junit.framework.TestSuite.run(TestSuite.java:203)
	at org.apache.tools.ant.taskdefs.optional.junit.JUnitTestRunner.run(JUnitTestRunner.java:422)
	at org.apache.tools.ant.taskdefs.optional.junit.JUnitTestRunner.launch(JUnitTestRunner.java:931)
	at org.apache.tools.ant.taskdefs.optional.junit.JUnitTestRunner.main(JUnitTestRunner.java:785)
org.simpleframework.xml.core.PathException: Invalid index for path 'a/b[1]/c[' in class org.simpleframework.xml.core.PathParserTest
	at org.simpleframework.xml.core.PathParser.index(PathParser.java:371)
	at org.simpleframework.xml.core.PathParser.element(PathParser.java:312)
	at org.simpleframework.xml.core.PathParser.segment(PathParser.java:292)
	at org.simpleframework.xml.core.PathParser.path(PathParser.java:256)
	at org.simpleframework.xml.core.PathParser.parse(PathParser.java:239)
	at org.simpleframework.xml.core.PathParser.<init>(PathParser.java:115)
	at org.simpleframework.xml.core.PathParserTest.ensureException(PathParserTest.java:202)
	at org.simpleframework.xml.core.PathParserTest.testExceptions(PathParserTest.java:194)
	at sun.reflect.NativeMethodAccessorImpl.invoke0(Native Method)
	at sun.reflect.NativeMethodAccessorImpl.invoke(NativeMethodAccessorImpl.java:39)
	at sun.reflect.DelegatingMethodAccessorImpl.invoke(DelegatingMethodAccessorImpl.java:25)
	at java.lang.reflect.Method.invoke(Method.java:592)
	at junit.framework.TestCase.runTest(TestCase.java:154)
	at junit.framework.TestCase.runBare(TestCase.java:127)
	at junit.framework.TestResult$1.protect(TestResult.java:106)
	at junit.framework.TestResult.runProtected(TestResult.java:124)
	at junit.framework.TestResult.run(TestResult.java:109)
	at junit.framework.TestCase.run(TestCase.java:118)
	at junit.framework.TestSuite.runTest(TestSuite.java:208)
	at junit.framework.TestSuite.run(TestSuite.java:203)
	at org.apache.tools.ant.taskdefs.optional.junit.JUnitTestRunner.run(JUnitTestRunner.java:422)
	at org.apache.tools.ant.taskdefs.optional.junit.JUnitTestRunner.launch(JUnitTestRunner.java:931)
	at org.apache.tools.ant.taskdefs.optional.junit.JUnitTestRunner.main(JUnitTestRunner.java:785)
org.simpleframework.xml.core.PathException: Attribute reference in 'a/b[1]/c/@' for class org.simpleframework.xml.core.PathParserTest is empty
	at org.simpleframework.xml.core.PathParser.attribute(PathParser.java:341)
	at org.simpleframework.xml.core.PathParser.segment(PathParser.java:290)
	at org.simpleframework.xml.core.PathParser.path(PathParser.java:256)
	at org.simpleframework.xml.core.PathParser.parse(PathParser.java:239)
	at org.simpleframework.xml.core.PathParser.<init>(PathParser.java:115)
	at org.simpleframework.xml.core.PathParserTest.ensureException(PathParserTest.java:202)
	at org.simpleframework.xml.core.PathParserTest.testExceptions(PathParserTest.java:195)
	at sun.reflect.NativeMethodAccessorImpl.invoke0(Native Method)
	at sun.reflect.NativeMethodAccessorImpl.invoke(NativeMethodAccessorImpl.java:39)
	at sun.reflect.DelegatingMethodAccessorImpl.invoke(DelegatingMethodAccessorImpl.java:25)
	at java.lang.reflect.Method.invoke(Method.java:592)
	at junit.framework.TestCase.runTest(TestCase.java:154)
	at junit.framework.TestCase.runBare(TestCase.java:127)
	at junit.framework.TestResult$1.protect(TestResult.java:106)
	at junit.framework.TestResult.runProtected(TestResult.java:124)
	at junit.framework.TestResult.run(TestResult.java:109)
	at junit.framework.TestCase.run(TestCase.java:118)
	at junit.framework.TestSuite.runTest(TestSuite.java:208)
	at junit.framework.TestSuite.run(TestSuite.java:203)
	at org.apache.tools.ant.taskdefs.optional.junit.JUnitTestRunner.run(JUnitTestRunner.java:422)
	at org.apache.tools.ant.taskdefs.optional.junit.JUnitTestRunner.launch(JUnitTestRunner.java:931)
	at org.apache.tools.ant.taskdefs.optional.junit.JUnitTestRunner.main(JUnitTestRunner.java:785)
org.simpleframework.xml.core.PathException: Illegal character '@' in element for 'a@' in class org.simpleframework.xml.core.PathParserTest
	at org.simpleframework.xml.core.PathParser.element(PathParser.java:315)
	at org.simpleframework.xml.core.PathParser.segment(PathParser.java:292)
	at org.simpleframework.xml.core.PathParser.path(PathParser.java:256)
	at org.simpleframework.xml.core.PathParser.parse(PathParser.java:239)
	at org.simpleframework.xml.core.PathParser.<init>(PathParser.java:115)
	at org.simpleframework.xml.core.PathParserTest.ensureException(PathParserTest.java:202)
	at org.simpleframework.xml.core.PathParserTest.testExceptions(PathParserTest.java:196)
	at sun.reflect.NativeMethodAccessorImpl.invoke0(Native Method)
	at sun.reflect.NativeMethodAccessorImpl.invoke(NativeMethodAccessorImpl.java:39)
	at sun.reflect.DelegatingMethodAccessorImpl.invoke(DelegatingMethodAccessorImpl.java:25)
	at java.lang.reflect.Method.invoke(Method.java:592)
	at junit.framework.TestCase.runTest(TestCase.java:154)
	at junit.framework.TestCase.runBare(TestCase.java:127)
	at junit.framework.TestResult$1.protect(TestResult.java:106)
	at junit.framework.TestResult.runProtected(TestResult.java:124)
	at junit.framework.TestResult.run(TestResult.java:109)
	at junit.framework.TestCase.run(TestCase.java:118)
	at junit.framework.TestSuite.runTest(TestSuite.java:208)
	at junit.framework.TestSuite.run(TestSuite.java:203)
	at org.apache.tools.ant.taskdefs.optional.junit.JUnitTestRunner.run(JUnitTestRunner.java:422)
	at org.apache.tools.ant.taskdefs.optional.junit.JUnitTestRunner.launch(JUnitTestRunner.java:931)
	at org.apache.tools.ant.taskdefs.optional.junit.JUnitTestRunner.main(JUnitTestRunner.java:785)
------------- ---------------- ---------------

Testcase: testAttribute took 0.015 sec
Testcase: testIndex took 0 sec
Testcase: testExpressions took 0 sec
Testcase: testExceptions took 0.157 sec
