Testsuite: org.simpleframework.xml.core.RedundantOrderTest
Tests run: 3, Failures: 0, Errors: 0, Time elapsed: 0.094 sec
------------- Standard Error -----------------
org.simpleframework.xml.core.ElementException: Ordered element 'c' missing for class org.simpleframework.xml.core.RedundantOrderTest$ElementEntry
	at org.simpleframework.xml.core.Scanner.validateElements(Scanner.java:407)
	at org.simpleframework.xml.core.Scanner.validate(Scanner.java:368)
	at org.simpleframework.xml.core.Scanner.scan(Scanner.java:352)
	at org.simpleframework.xml.core.Scanner.<init>(Scanner.java:100)
	at org.simpleframework.xml.core.ScannerFactory.getInstance(ScannerFactory.java:63)
	at org.simpleframework.xml.core.Factory.getScanner(Factory.java:161)
	at org.simpleframework.xml.core.Factory.getName(Factory.java:178)
	at org.simpleframework.xml.core.Traverser.getName(Traverser.java:262)
	at org.simpleframework.xml.core.Traverser.write(Traverser.java:185)
	at org.simpleframework.xml.core.Traverser.write(Traverser.java:168)
	at org.simpleframework.xml.core.Persister.write(Persister.java:921)
	at org.simpleframework.xml.core.Persister.write(Persister.java:903)
	at org.simpleframework.xml.core.Persister.write(Persister.java:884)
	at org.simpleframework.xml.core.Persister.write(Persister.java:1000)
	at org.simpleframework.xml.ValidationTestCase.validate(ValidationTestCase.java:77)
	at org.simpleframework.xml.core.RedundantOrderTest.testRedundantElementOrder(RedundantOrderTest.java:67)
	at sun.reflect.NativeMethodAccessorImpl.invoke0(Native Method)
	at sun.reflect.NativeMethodAccessorImpl.invoke(NativeMethodAccessorImpl.java:39)
	at sun.reflect.DelegatingMethodAccessorImpl.invoke(DelegatingMethodAccessorImpl.java:25)
	at java.lang.reflect.Method.invoke(Method.java:585)
	at junit.framework.TestCase.runTest(TestCase.java:154)
	at junit.framework.TestCase.runBare(TestCase.java:127)
	at junit.framework.TestResult$1.protect(TestResult.java:106)
	at junit.framework.TestResult.runProtected(TestResult.java:124)
	at junit.framework.TestResult.run(TestResult.java:109)
	at junit.framework.TestCase.run(TestCase.java:118)
	at junit.framework.TestSuite.runTest(TestSuite.java:208)
	at junit.framework.TestSuite.run(TestSuite.java:203)
	at org.apache.tools.ant.taskdefs.optional.junit.JUnitTestRunner.run(JUnitTestRunner.java:421)
	at org.apache.tools.ant.taskdefs.optional.junit.JUnitTestRunner.launch(JUnitTestRunner.java:912)
	at org.apache.tools.ant.taskdefs.optional.junit.JUnitTestRunner.main(JUnitTestRunner.java:766)
org.simpleframework.xml.core.AttributeException: Ordered attribute 'c' missing for class org.simpleframework.xml.core.RedundantOrderTest$AttributeEntry
	at org.simpleframework.xml.core.Scanner.validateAttributes(Scanner.java:426)
	at org.simpleframework.xml.core.Scanner.validate(Scanner.java:369)
	at org.simpleframework.xml.core.Scanner.scan(Scanner.java:352)
	at org.simpleframework.xml.core.Scanner.<init>(Scanner.java:100)
	at org.simpleframework.xml.core.ScannerFactory.getInstance(ScannerFactory.java:63)
	at org.simpleframework.xml.core.Factory.getScanner(Factory.java:161)
	at org.simpleframework.xml.core.Factory.getName(Factory.java:178)
	at org.simpleframework.xml.core.Traverser.getName(Traverser.java:262)
	at org.simpleframework.xml.core.Traverser.write(Traverser.java:185)
	at org.simpleframework.xml.core.Traverser.write(Traverser.java:168)
	at org.simpleframework.xml.core.Persister.write(Persister.java:921)
	at org.simpleframework.xml.core.Persister.write(Persister.java:903)
	at org.simpleframework.xml.core.Persister.write(Persister.java:884)
	at org.simpleframework.xml.core.Persister.write(Persister.java:1000)
	at org.simpleframework.xml.ValidationTestCase.validate(ValidationTestCase.java:77)
	at org.simpleframework.xml.core.RedundantOrderTest.testRedundantAttributeOrder(RedundantOrderTest.java:81)
	at sun.reflect.NativeMethodAccessorImpl.invoke0(Native Method)
	at sun.reflect.NativeMethodAccessorImpl.invoke(NativeMethodAccessorImpl.java:39)
	at sun.reflect.DelegatingMethodAccessorImpl.invoke(DelegatingMethodAccessorImpl.java:25)
	at java.lang.reflect.Method.invoke(Method.java:585)
	at junit.framework.TestCase.runTest(TestCase.java:154)
	at junit.framework.TestCase.runBare(TestCase.java:127)
	at junit.framework.TestResult$1.protect(TestResult.java:106)
	at junit.framework.TestResult.runProtected(TestResult.java:124)
	at junit.framework.TestResult.run(TestResult.java:109)
	at junit.framework.TestCase.run(TestCase.java:118)
	at junit.framework.TestSuite.runTest(TestSuite.java:208)
	at junit.framework.TestSuite.run(TestSuite.java:203)
	at org.apache.tools.ant.taskdefs.optional.junit.JUnitTestRunner.run(JUnitTestRunner.java:421)
	at org.apache.tools.ant.taskdefs.optional.junit.JUnitTestRunner.launch(JUnitTestRunner.java:912)
	at org.apache.tools.ant.taskdefs.optional.junit.JUnitTestRunner.main(JUnitTestRunner.java:766)
------------- ---------------- ---------------

Testcase: testRedundantElementOrder took 0.08 sec
Testcase: testRedundantAttributeOrder took 0.006 sec
Testcase: testDirectory took 0 sec
